<?xml version="1.0" encoding="UTF-8"?>
<testsuite xmlns:xsi="http://www.w3.org/2001/XMLSchema-instance" xsi:noNamespaceSchemaLocation="https://maven.apache.org/surefire/maven-surefire-plugin/xsd/surefire-test-report.xsd" name="com.newcapec.EmpTest" time="0.629" tests="2" errors="0" skipped="0" failures="0">
  <properties>
[...]
</properties>
  <testcase name="selectEmp" classname="com.newcapec.EmpTest" time="0.55"/>
  <testcase name="insertEmp" classname="com.newcapec.EmpTest" time="0.037"/>
</testsuite>